1678282513034	geckodriver	INFO	Listening on 127.0.0.1:57768
1678282516094	mozrunner::runner	INFO	Running command: "C:\\Program Files\\Mozilla Firefox\\firefox.exe" "--marionette" "--remote-debugging-port" "57769" "--remote-allow-hosts" "localhost" "-no-remote" "-profile" "C:\\Users\\Owner\\AppData\\Local\\Temp\\rust_mozprofilekS7wpL"
console.warn: services.settings: Ignoring preference override of remote settings server
console.warn: services.settings: Allow by setting MOZ_REMOTE_SETTINGS_DEVTOOLS=1 in the environment
1678282516419	Marionette	INFO	Marionette enabled
Dynamically enable window occlusion 0
1678282516425	Marionette	INFO	Listening on port 57784
Read port: 57784
WebDriver BiDi listening on ws://127.0.0.1:57769
1678282516535	RemoteAgent	WARN	TLS certificate errors will be ignored for this session
console.warn: SearchSettings: "get: No settings file exists, new profile?" (new NotFoundError("Could not open the file at C:\\Users\\Owner\\AppData\\Local\\Temp\\rust_mozprofilekS7wpL\\search.json.mozlz4", (void 0)))
DevTools listening on ws://127.0.0.1:57769/devtools/browser/f2341646-7896-45be-a52e-93648e49cfbe
1678282528063	Marionette	INFO	Stopped listening on port 57784
Dynamically enable window occlusion 1
JavaScript error: resource://services-settings/Utils.jsm, line 237: TypeError: NetworkError: Network request failed
1678282537830	geckodriver	INFO	Listening on 127.0.0.1:57831
1678282540865	mozrunner::runner	INFO	Running command: "C:\\Program Files\\Mozilla Firefox\\firefox.exe" "--marionette" "--remote-debugging-port" "57832" "--remote-allow-hosts" "localhost" "-no-remote" "-profile" "C:\\Users\\Owner\\AppData\\Local\\Temp\\rust_mozprofileRr7ef0"
console.warn: services.settings: Ignoring preference override of remote settings server
console.warn: services.settings: Allow by setting MOZ_REMOTE_SETTINGS_DEVTOOLS=1 in the environment
1678282541127	Marionette	INFO	Marionette enabled
Dynamically enable window occlusion 0
1678282541132	Marionette	INFO	Listening on port 57841
WebDriver BiDi listening on ws://127.0.0.1:57832
Read port: 57841
1678282541245	RemoteAgent	WARN	TLS certificate errors will be ignored for this session
console.warn: SearchSettings: "get: No settings file exists, new profile?" (new NotFoundError("Could not open the file at C:\\Users\\Owner\\AppData\\Local\\Temp\\rust_mozprofileRr7ef0\\search.json.mozlz4", (void 0)))
DevTools listening on ws://127.0.0.1:57832/devtools/browser/5ac15afa-be4c-46a1-a9b9-2eebbdb58ad7
1678282685872	Marionette	INFO	Stopped listening on port 57841
Dynamically enable window occlusion 1
ng command: "C:\\Program Files\\Mozilla Firefox\\firefox.exe" "--marionette" "--remote-debugging-port" "57947" "--remote-allow-hosts" "localhost" "-no-remote" "-profile" "C:\\Users\\Owner\\AppData\\Local\\Temp\\rust_mozprofileovJdxF"
console.warn: services.settings: Ignoring preference override of remote settings server
console.warn: services.settings: Allow by setting MOZ_REMOTE_SETTINGS_DEVTOOLS=1 in the environment
1678282679644	Marionette	INFO	Marionette enabled
Dynamically enable window occlusion 0
1678282679648	Marionette	INFO	Listening on port 57956
WebDriver BiDi listening on ws://127.0.0.1:57947
Read port: 57956
1678282679865	RemoteAgent	WARN	TLS certificate errors will be ignored for this session
console.warn: SearchSettings: "get: No settings file exists, new profile?" (new NotFoundError("Could not open the file at C:\\Users\\Owner\\AppData\\Local\\Temp\\rust_mozprofileovJdxF\\search.json.mozlz4", (void 0)))
DevTools listening on ws://127.0.0.1:57947/devtools/browser/a535fe7d-1fe2-4aa5-b695-a9a1dee9e428
1678282684839	Marionette	INFO	Stopped listening on port 57956
Dynamically enable window occlusion 1
JavaScript error: resource://services-settings/Utils.jsm, line 237: TypeError: NetworkError: Network request failed
1678282770260	geckodriver	INFO	Listening on 127.0.0.1:58030
1678282773321	mozrunner::runner	INFO	Running command: "C:\\Program Files\\Mozilla Firefox\\firefox.exe" "--marionette" "--remote-debugging-port" "58031" "--remote-allow-hosts" "localhost" "-no-remote" "-profile" "C:\\Users\\Owner\\AppData\\Local\\Temp\\rust_mozprofilegBJOpX"
console.warn: services.settings: Ignoring preference override of remote settings server
console.warn: services.settings: Allow by setting MOZ_REMOTE_SETTINGS_DEVTOOLS=1 in the environment
1678282773601	Marionette	INFO	Marionette enabled
Dynamically enable window occlusion 0
1678282773605	Marionette	INFO	Listening on port 58038
WebDriver BiDi listening on ws://127.0.0.1:58031
Read port: 58038
1678282773709	RemoteAgent	WARN	TLS certificate errors will be ignored for this session
console.warn: SearchSettings: "get: No settings file exists, new profile?" (new NotFoundError("Could not open the file at C:\\Users\\Owner\\AppData\\Local\\Temp\\rust_mozprofilegBJOpX\\search.json.mozlz4", (void 0)))
DevTools listening on ws://127.0.0.1:58031/devtools/browser/ea9dddb7-1170-4dc9-981e-63fa7dca81d7
1678282782295	Marionette	INFO	Stopped listening on port 58038
Dynamically enable window occlusion 1
JavaScript error: resource://services-settings/Utils.jsm, line 237: TypeError: NetworkError: Network request failed
1678283041105	geckodriver	INFO	Listening on 127.0.0.1:58166
1678283044181	mozrunner::runner	INFO	Running command: "C:\\Program Files\\Mozilla Firefox\\firefox.exe" "--marionette" "-headless" "--remote-debugging-port" "58167" "--remote-allow-hosts" "localhost" "-no-remote" "-profile" "C:\\Users\\Owner\\AppData\\Local\\Temp\\rust_mozprofileW5sTFG"
*** You are running in headless mode.
console.warn: services.settings: Ignoring preference override of remote settings server
console.warn: services.settings: Allow by setting MOZ_REMOTE_SETTINGS_DEVTOOLS=1 in the environment
1678283044419	Marionette	INFO	Marionette enabled
Dynamically enable window occlusion 0
1678283044424	Marionette	INFO	Listening on port 58174
WebDriver BiDi listening on ws://127.0.0.1:58167
Read port: 58174
1678283044625	RemoteAgent	WARN	TLS certificate errors will be ignored for this session
[GFX1-]: RenderCompositorSWGL failed mapping default framebuffer, no dt
console.warn: SearchSettings: "get: No settings file exists, new profile?" (new NotFoundError("Could not open the file at C:\\Users\\Owner\\AppData\\Local\\Temp\\rust_mozprofileW5sTFG\\search.json.mozlz4", (void 0)))
console.error: ({})
DevTools listening on ws://127.0.0.1:58167/devtools/browser/8782ce2a-9917-478d-be83-6d6eca48b2aa
JavaScript error: , line 0: NS_ERROR_NOT_AVAILABLE
console.error: "allRecords" [{type:"data", schema:1678092905099, attachment:{hash:"19c069b3b54967e595aa5fe139277fc1a9d775fb6e84aba122152490d4492a86", size:938309, filename:"data-0000-0200.json", location:"main-workspace/quicksuggest/4da76038-e10d-48b5-b043-c9af2b7b5a0b.json", mimetype:"application/octet-stream"}, id:"data-0000-0200", last_modified:1678219124899, _cid:"main/quicksuggest"}, {type:"data", schema:1678218439855, attachment:{hash:"dcc42e1b436599d2e174ca902deda07d92e49ea80a17d9a43999074e123e54fa", size:409524, filename:"data-0200-0400.json", location:"main-workspace/quicksuggest/eca1fdcf-0145-4d6e-bd98-382000b66e11.json", mimetype:"application/octet-stream"}, id:"data-0200-0400", last_modified:1678219124903, _cid:"main/quicksuggest"}, {type:"data", schema:1678218441904, attachment:{hash:"4474f56b756d13f1bdf9a7bb46c46eaf94e5fa7fcb024f0c21a28785997b169f", size:381134, filename:"data-0400-0600.json", location:"main-workspace/quicksuggest/e4758450-3146-456e-a468-c11a7d184539.json", mimetype:"application/octet-stream"}, id:"data-0400-0600", last_modified:1678219124907, _cid:"main/quicksuggest"}, {type:"data", schema:1678218444030, attachment:{hash:"eef481550057f6543eaa20849d25640125eb621d360da039ef3f23ba0674b724", size:261665, filename:"data-0600-0800.json", location:"main-workspace/quicksuggest/1b16e995-6715-45ff-9959-520891ba953d.json", mimetype:"application/octet-stream"}, id:"data-0600-0800", last_modified:1678219124911, _cid:"main/quicksuggest"}, {type:"data", schema:1678218446113, attachment:{hash:"8ffcecfb19f61d6657393a334c63e2c0f3c866269698cd78bfd1a8ace2ae4fd6", size:384179, filename:"data-0800-1000.json", location:"main-workspace/quicksuggest/189e0d1b-a47e-4e00-b741-c265a2dfc0ac.json", mimetype:"application/octet-stream"}, id:"data-0800-1000", last_modified:1678219124915, _cid:"main/quicksuggest"}, {type:"data", schema:1678218448163, attachment:{hash:"8aa42a6c2560ce4045c976d1961ae30c1bace3cc758612a97a7542086378b86f", size:395091, filename:"data-1000-1200.json", location:"main-workspace/quicksuggest/f982dc61-d3e0-4579-9781-f6e49f0240e5.json", mimetype:"application/octet-stream"}, id:"data-1000-1200", last_modified:1678219124919, _cid:"main/quicksuggest"}, {type:"data", schema:1678218450368, attachment:{hash:"8a27682624b659114441453ab3e401f3d9d372fb43bdbcdf1c6eba0cf7a2bb75", size:356274, filename:"data-1200-1400.json", location:"main-workspace/quicksuggest/d0085967-9020-4681-b22e-d72420c78a5b.json", mimetype:"application/octet-stream"}, id:"data-1200-1400", last_modified:1678219124931, _console.error: "allRecords" [{type:"data", schema:1678092905099, attachment:{hash:"19c069b3b54967e595aa5fe139277fc1a9d775fb6e84aba122152490d4492a86", size:938309, filename:"data-0000-0200.json", location:"main-workspace/quicksuggest/4da76038-e10d-48b5-b043-c9af2b7b5a0b.json", mimetype:"application/octet-stream"}, id:"data-0000-0200", last_modified:1678219124899, _cid:"main/quicksuggest"}, {type:"data", schema:1678218439855, attachment:{hash:"dcc42e1b436599d2e174ca902deda07d92e49ea80a17d9a43999074e123e54fa", size:409524, filename:"data-0200-0400.json", location:"main-workspace/quicksuggest/eca1fdcf-0145-4d6e-bd98-382000b66e11.json", mimetype:"application/octet-stream"}, id:"data-0200-0400", last_modified:1678219124903, _cid:"main/quicksuggest"}, {type:"data", schema:1678218441904, attachment:{hash:"4474f56b756d13f1bdf9a7bb46c46eaf94e5fa7fcb024f0c21a28785997b169f", size:381134, filename:"data-0400-0600.json", location:"main-workspace/quicksuggest/e4758450-3146-456e-a468-c11a7d184539.json", mimetype:"application/octet-stream"}, id:"data-0400-0600", last_modified:1678219124907, _cid:"main/quicksuggest"}, {type:"data", schema:1678218444030, attachment:{hash:"eef481550057f6543eaa20849d25640125eb621d360da039ef3f23ba0674b724", size:261665, filename:"data-0600-0800.json", location:"main-workspace/quicksuggest/1b16e995-6715-45ff-9959-520891ba953d.json", mimetype:"application/octet-stream"}, id:"data-0600-0800", last_modified:1678219124911, _cid:"main/quicksuggest"}, {type:"data", schema:1678218446113, attachment:{hash:"8ffcecfb19f61d6657393a334c63e2c0f3c866269698cd78bfd1a8ace2ae4fd6", size:384179, filename:"data-0800-1000.json", locatioJavaScript error: , line 0: NS_ERROR_NOT_AVAILABLE
41-c265a2dfc0ac.json", mimetype:"application/octet-stream"}, id:"data-0800-1000", last_modified:1678219124915, _cid:"main/quicksuggest"}, {type:"data", schema:1678218448163, attachment:{hash:"8aa42a6c2560ce4045c976d1961ae30c1bace3cc758612a97a7542086378b86f", size:395091, filename:"data-1000-1200.json", location:"main-workspace/quicksuggest/f982dc61-d3e0-4579-9781-f6e49f0240e5.json", mimetype:"application/octet-stream"}, id:"data-1000-1200", last_modified:1678219124919, _cid:"main/quicksuggest"}, {type:"data", schema:1678218450368, attachment:{hash:"8a27682624b659114441453ab3e401f3d9d372fb43bdbcdf1c6eba0cf7a2bb75", size:356274, filename:"data-1200-1400.json", location:"main-workspace/quicksuggest/d0085967-9020-4681-b22e-d72420c78a5b.json", mimetype:"application/octet-stream"}, id:"data-1200-1400", last_modified:1678219124931, _cid:"main/quicksuggest"}, {type:"data", schema:1678218452406, attachment:{hash:"13b34b4cdd057e9c423a7cc5398f6f3eee92195a0f142dd3078915ec0299968e", size:254896, filename:"data-1400-1600.json", location:"main-workspace/quicksuggest/39ecd790-1897-4c5a-a783-6666880dbdb8.json", mimetype:"application/octet-stream"}, id:"data-1400-1600", last_modified:1678219124927, _cid:"main/quicksuggest"}, {type:"console.error: "allRecords" [{type:"data", schema:1678092905099, attachment:{hash:"19c069b3b54967e595aa5fe139277fc1a9d775fb6e84aba122152490d4492a86", size:938309, filename:"data-0000-0200.json", location:"main-workspace/quicksuggest/4da76038-e10d-48b5-b043-c9af2b7b5a0b.json", mimetype:"application/octet-stream"}, id:"data-0000-0200", last_modified:1678219124899, _cid:"main/quicksuggest"}, {type:"data", schema:1678218439855, attachment:{hash:"dcc42e1b436599d2e174ca902deda07d92e49ea80a17d9a43999074e123e54fa", size:409524, filename:"data-0200-0400.json", location:"main-workspace/quicksuggest/eca1fdcf-0145-4d6e-bd98-382000b66e11.json", mimetype:"application/octet-stream"}, id:"data-0200-0400", last_modified:1678219124903, _cid:"main/quicksuggest"}, {type:"data", schema:1678218441904, attachment:{hash:"4474f56b756d13f1bdf9a7bb46c46eaf94e5fa7fcb024f0c21a28785997b169f", size:381134, filename:"data-0400-0600.json", location:"main-workspace/quicksuggest/e4758450-3146-456e-a468-c11a7d184539.json", mimetype:"application/octet-stream"}, id:"data-0400-0600", last_modified:1678219124907, _cid:"main/quicksuggest"}, {type:"data", schema:1678218444030, attachment:{hash:"eef481550057f6543eaa20849d25640125eb621d360da039ef3f23ba0674b724", size:261665, filename:"data-0600-0800.json", location:"main-workspace/quicksuggest/1b16e995-6715-45ff-9959-520891ba953d.json", mimetype:"application/octet-stream"},console.error: "allRecords" [{type:"data", schema:1678092905099, attachment:{hash:"19c069b3b54967e595aa5fe139277fc1a9d775fb6e84aba122152490d4492a86", size:938309, filename:"data-0000-0200.json", location:"main-workspace/quicksuggest/4da76038-e10d-48b5-b043-c9af2b7b5a0b.json", mimetype:"application/octet-stream"}, id:"data-0000-0200", last_modified:1678219124899, _cid:"main/quicksuggest"}, {type:"data", schema:1678218439855, attachment:{hash:"dcc42e1b436599d2e174ca902deda07d92e49ea80a17d9a43999074e123e54fa", size:409524, filename:"data-0200-0400.json", location:"main-workspace/quicksuggest/eca1fdcf-0145-4d6e-bd98-382000b66e11.json", mimetype:"application/octet-stream"}, id:"data-0200-0400", last_modified:1678219124903, _cid:"main/quicksuggest"}, {type:"data", schema:1678218441904, attachment:{hash:"4474f56b756d13f1bdf9a7bb46c46eaf94e5fa7fcb024f0c21a28785997b169f", size:381134, filename:"data-0400-0600.json", location:"main-workspace/quicksuggest/e4758450-3146-456e-a468-c11a7d184539.json", mimetype:"application/octet-stream"}, id:"data-0400-0600", last_modified:1678219124907, _cid:"main/quicksuggest"}, {type:"data", schema:1678218444030, attachment:{hash:"eef481550057f6543eaa20849d25640125eb621d360da039ef3f23ba0674b724", size:261665, filename:"data-0600-0800.json", location:"main-workspace/quicksuggest/1b16e995-6715-45ff-9959-520891ba953d.json", mimetype:"application/octet-stream"}, id:"data-0600-0800", last_modified:1678219124911, _cid:"main/quicksuggest"}, {type:"data", schema:1678218446113, attachment:{hash:"8ffcecfb19f61d6657393a334c63e2c0f3c866269698cd78bfd1a8ace2ae4fd6", size:384179, filename:"data-0800-1000.json", location:"main-workspace/quicksuggest/189e0d1b-a47e-4e00-b741-c265a2dfc0ac.json", mimetype:"application/octet-stream"}, id:"data-0800-1000", last_modified:1678219124915, _cid:"main/quicksuggest"}, {type:"data", schema:1678218448163, attachment:{hash:"8aa42a6console.error: RemoteSecuritySettings.jsm: 
  Failed to download attachment: TypeError: NetworkError: Network request failed
console.error: RemoteSecuritySettings.jsm: 
  Failed to download attachment: TypeError: NetworkError: Network request failed
console.error: RemoteSecuritySettings.jsm: 
  Failed to download attachment: TypeError: NetworkError: Network request failed
console.error: RemoteSecuritySettings.jsm: 
  Failed to download attachment: TypeError: NetworkError: Network request failed
console.error: RemoteSecuritySettings.jsm: 
  Failed to download attachment: TypeError: NetworkError: Network request failed
console.error: RemoteSecuritySettings.jsm: 
  Failed to download attachment: TypeError: NetworkError: Network request failed
console.error: RemoteSecuritySettings.jsm: 
  Failed to download attachment: TypeError: NetworkError: Network request failed
console.error: RemoteSecuritySettings.jsm: 
  Failed to download attachment: TypeError: NetworkError: Network request failed
console.error: RemoteSecuritySettings.jsm: 
  Failed to download attachment: TypeError: NetworkError: Network request failed
console.error: RemoteSecuritySettings.jsm: 
  Failed to download attachment: TypeError: NetworkError: Network request failed
console.error: RemoteSecuritySettings.jsm: 
  Failed to download attachment: TypeError: NetworkError: Network request failed
consolJavaScript error: , line 0: NS_ERROR_NOT_AVAILABLE
ownload attachment: TypeError: NetworkError: Network request failed
console.error: RemoteSecuritySettings.jsm: 
  Failed to download attachment: TypeError: NetworkError: Network request failed
console.error: RemoteSecuritySettings.jsm: 
  Failed to download attachment: TypeError: NetworkError: Network request failed
console.error: RemoteSecuritySettings.jsm: 
  Failed to download attachment: TypeError: NetworkError: Network request failed
console.error: RemoteSecuritySettings.jsm: 
  Failed to download attachment: TypeError: NetworkError: Network request failed
console.error: RemoteSecuritySettings.jsm: 
  Failed to download attachment: TypeError: NetworkError: Network request failed
console.error: RemoteSecuritySettings.jsm: 
  Failed to download attachment: TypeError: NetworkError: Network request failed
console.error: RemoteSecuritySettings.jsm: 
  Failed to download attachment: TypeError: NetworkError: Network request failed
console.error: RemoteSecuritySettings.jsm: 
  Failed to download attachment: TypeError: NetworkError: Network request failed
console.error: RemoteSecuritySettings.jsm: 
  Failed to download attachment: TypeError: NetworkError: Network request failed
console.error: RemoteSecuritySettings.jsm: 
  Failed to download attachment: TypeError: NetworkError: Network request failed
console.error: RemoteSecuritySettings.jsm: 
  Failed to download attachment: TypeError: NetworkError: Network request failed
console.error: RemoteSecuritySettings.jsm: 
  Failed to download attachment: TypeError: NetworkError: Network request failed
console.error: RemoteSecuritySettings.jsm: 
  Failed to download attachment: TypeError: NetworkError: Network request failed
console.error: RemoteSecuritySettings.jsm: 
  Failed to download attachment: TypeError: NetworkError: Network request failed
consolJavaScript error: , line 0: NS_ERROR_NOT_AVAILABLE
ownload attachment: TypeError: NetworkError: Network request failed
console.error: RemoteSecuritySettings.jsm: 
  Failed to download attachment: TypeError: NetworkError: Network request failed
console.error: RemoteSecuritySettings.jsm: 
  Failed to download attachment: TypeError: NetworkError: Network request failed
console.error: RemoteSecuritySettings.jsm: 
  Failed to download attachment: TypeError: NetworkError: Network request failed
console.error: RemoteSecuritySettings.jsm: 
  Failed to download attachment: TypeError: NetworkError: Network request failed
console.error: RemoteSecuritySettings.jsm: 
  Failed to download attachment: TypeError: NetworkError: Network request failed
console.error: RemoteSecuritySettings.jsm: 
  Failed to download attachment: TypeError: NetworkError: Network request failed
console.error: RemoteSecuritySettings.jsm: 
  Failed to download attachment: TypeError: NetworkError: Network request failed
console.error: RemoteSecuritySettings.jsm: 
  Failed to download attachment: TypeError: NetworkError: Network request failed
console.error: RemoteSecuritySettings.jsm: 
  Failed to download attachment: TypeError: NetworkError: Network request failed
console.error: RemoteSecuritySettings.jsm: 
  Failed to download attachment: TypeError: NetworkError: Network request failed
console.error: RemoteSecuritySettings.jsm: 
  Failed to download attachment: TypeError: NetworkError: Network request failed
console.error: RemoteSecuritySettings.jsm: 
  Failed to download attachment: TypeError: NetworkError: Network request failed
console.error: RemoteSecuritySettings.jsm: 
  Failed to download attachment: TypeError: NetworkError: Network request failed
console.error: RemoteSecuritySettings.jsm: 
  Failed to download attachment: TypeError: NetworkError: Network request failed
console.error: RemoteSecuritySettings.jsm: 
  Failed to download attachment: TypeError: NetworkError: Network request failed
console.error: RemoteSecuritySettings.jsm: 
  Failed to download attachment: TypeError: NetworkError: Network request failed
console.error: RemoteSecuritySettings.jsm: 
  Failed to download attachment: TypeError: NetworkError: Network request failed
console.error: RemoteSecuritySettings.jsm: 
  Failed to download attachment: TypeError: NetworkError: Network request failed
console.error: RemoteSecuritySettings.jsm: 
  Failed to download attachment: TypeError: NetworkError: Network request failed
console.error: RemoteSecuritySettings.jsm: 
  Failed to download attachment: TypeError: NetworkError: Network request failed
console.error: RemoteSecuritySettings.jsm: 
  Failed to download attachment: TypeError: NetworkError: Network request failed
console.error: RemoteSecuritySettings.jsm: 
  Failed to download attachment: TypeError: NetworkError: Network request failed
console.error: RemoteSecuritySettings.jsm: 
  Failed to download attachment: TypeError: NetworkError: Network request failed
console.error: RemoteSecuritySettings.jsm: 
  Failed to download attachment: TypeError: NetworkError: Network request failed
console.error: console.error: "allRecords" [{type:"data", schema:1678092905099, attachment:{hash:"19c069b3b54967e595aa5fe139277fc1a9d775fb6e84aba122152490d4492a86", size:938309, filename:"data-0000-0200.json", location:"main-workspace/quicksuggest/4da76038-e10d-48b5-b043-c9af2b7b5a0b.json", mimetype:"application/octet-stream"}, id:"data-0000-0200", last_modified:1678219124899, _cid:"main/quicksuggest"}, {type:"data", schema:1678218439855, attachment:{hash:"dconsole.error: "allRecords" [{type:"data", schema:1678092905099, attachment:{hash:"19c069b3b54967e595aa5fe139277fc1a9d775fb6e84aba122152490d4492a86", size:938309, filename:"data-0000-0200.json", location:"main-workspace/quicksuggest/4da76038-e10d-48b5-b043-c9af2b7b5a0b.json", mimetype:"application/octet-stream"}, id:"data-0000-0200", last_modified:1678219124899, _cid:"main/quicksuggest"}, {type:"data", schema:1678218439855, attachment:{hash:"dcc42e1b436599d2e174ca902deda07d92e49ea80a17d9a43999074e123e54fa", size:409524, filename:"data-0200-0400.json", location:"main-workspace/quicksuggest/eca1fdcf-0145-4d6e-bd98-382000b66e11.json", mimetype:"application/octet-stream"}, id:"data-0200-0400", last_modified:1678219124903, _cid:"main/quicksuggest"}, {type:"data", schema:1678218441904, attachment:{hash:"4474f56b756d13f1bdf9a7bb46c46eaf94e5fa7fcb024f0c21a28785997b169f", size:381134, filename:"data-0400-0600.json", location:"main-workspace/quicksuggest/e4758450-3146-456e-a468-c11a7d184539.json", mimetype:"application/octet-stream"}, id:"data-0400-0600", last_modified:1678219124907, _cid:"main/quicksuggest"}, {type:"data", schema:1678218444030, attachment:{hash:"eef481550057f6543eaa20849d25640125eb621d360da039ef3f23ba0674b724", size:261665, filename:"data-0600-0800.json", location:"main-workspace/quicksuggest/1b16e995-6715-45ff-9959-520891ba953d.json", mimetype:"application/octet-stream"}, id:"data-0600-0800", last_modified:1678219124911, _console.error: "allRecords" [{type:"data", schema:1678092905099, attachment:{hash:"19c069b3b54967e595aa5fe139277fc1a9d775fb6e84aba122152490d4492a86", size:938309, filename:"data-0000-0200.json", location:"main-workspace/quicksuggest/4da76038-e10d-48b5-b043-c9af2b7b5a0b.json", mimetype:"application/octet-stream"}, id:"data-0000-0200", last_modified:1678219124899, _cid:"main/quicksuggest"}, {type:"data", schema:1678218439855, attachment:{hash:"dcc42e1b436599d2e174ca902deda07d92e49ea80a17d9a43999074e123e54fa", size:409524, filename:"data-0200-0400.json", location:"main-workspace/quicksuggest/eca1fdcf-0145-4d6e-bd98-382000b66e11.json", mimetype:"application/octet-stream"}, id:"data-0200-0400", last_modified:1678219124903, _cid:"main/quicksuggest"}, {type:"data", schema:1678218441904, attachment:{hash:"4474f56b756d13f1bdf9a7bb46c46eaf94e5fa7fcb024f0c21a28785997b169f", size:381134, filename:"data-0400-0600.json", location:"main-workspace/quicksuggest/e4758450-3146-456e-a468-c11a7d184539.json", mimetype:"application/octet-stream"}, id:"data-0400-0600", last_modified:1678219124907, _cid:"main/quicksuggest"}, {type:"data", schema:1678218444030, attachment:{hash:"eef481550057f6543eaa20849d25640125eb621d360da039ef3f23ba0674b724", size:261665, filename:"data-0600-0800.json", location:"main-workspace/quicksuggest/1b16e995-6715-45ff-9959-520891ba953d.json", mimetype:"application/octet-stream"},console.error: "allRecords" [{type:"data", schema:1678092905099, attachment:{hash:"19c069b3b54967e595aa5fe139277fc1a9d775fb6e84aba122152490d4492a86", size:938309, filename:"data-0000-0200.json", location:"main-workspace/quicksuggest/4da76038-e10d-48b5-b043-c9af2b7b5a0b.json", mimetype:"application/octet-stream"}, id:"data-0000-0200", last_modified:1678219124899, _cid:"main/quicksuggest"}, {type:"data", schema:1678218439855, attachment:{hash:"dcc42e1b436599d2e174ca902deda07d92e49ea80a17d9a43999074e123e54fa", size:409524, filename:"data-0200-0400.json", location:"main-workspace/quicksuggest/eca1fdcf-0145-4d6e-bd98-382000b66e11.json", mimetype:"application/octet-stream"}, id:"data-0200-0400", last_modified:1678219124903, _cid:"main/quicksuggest"}, {type:"data", schema:1678218441904, attachment:{hash:"4474f56b756d13f1bdf9a7bb46c46eaf94e5fa7fcb024f0c21a28785997b169f", size:381134, filename:"data-0400-0600.json", location:"main-workspace/quicksuggest/e4758450-3146-456e-a468-c11a7d184539.json", mimetype:"application/octet-stream"}, id:"data-0400-0600", last_modified:1678219124907, _cid:"main/quicksuggest"}, {type:"data", schema:1678218444030, attachment:{hash:"eef481550057f6543eaa20849d25640125eb621d360da039ef3f23ba0674b724", size:261665, filename:"data-0600-0800.json", location:"main-workspace/quicksuggest/1b16e995-6715-45ff-9959-520891ba953d.json", mimetype:"application/octet-stream"},console.error: "allRecords" [{type:"data", schema:1678092905099, attachment:{hash:"19c069b3b54967e595aa5fe139277fc1a9d775fb6e84aba122152490d4492a86", size:938309, filename:"data-0000-0200.json", location:"main-workspace/quicksuggest/4da76038-e10d-48b5-b043-c9af2b7b5a0b.json", mimetype:"application/octet-stream"}, id:"data-0000-0200", last_modified:1678219124899, _cid:"main/quicksuggest"}, {type:"data", schema:1678218439855, attachment:{hash:"dcc42e1b436599d2e174ca902deda07d92e49ea80a17d9a43999074e123e54fa", size:409524, filename:"data-0200-0400.json", location:"main-workspace/quicksuggest/eca1fdcf-0145-4d6e-bd98-382000b66e11.json", mimetype:"application/octet-stream"}, id:"data-0200-0400", last_modified:1678219124903, _cid:"main/quicksuggest"}, {type:"data", schema:1678218441904, attachment:{hash:"4474f56b756d13f1bdf9a7bb46c46eaf94e5fa7fcb024f0c21a28785997b169f", size:381134, filename:"data-0400-0600.json", location:"main-workspace/quicksuggest/e4758450-3146-456e-a468-c11a7d184539.json", mimetype:"application/octet-stream"}, id:"data-0400-0600", last_modified:1678219124907, _cid:"main/quicksuggest"}, {type:"data", schema:1678218444030, attachment:{hash:"eef481550057f6543eaa20849d25640125eb621d360da039ef3f23ba0674b724", size:261665, filename:"data-0600-0800.json", location:"main-workspace/quicksuggest/1b16e995-6715-45ff-9959-520891ba953d.json", mimetype:"application/octet-stream"},console.error: "allRecords" [{type:"data", schema:1678092905099, attachment:{hash:"19c069b3b54967e595aa5fe139277fc1a9d775fb6e84aba122152490d4492a86", size:938309, filename:"data-0000-0200.json", location:"main-workspace/quicksuggest/4da76038-e10d-48b5-b043-c9af2b7b5a0b.json", mimetype:"application/octet-stream"}, id:"data-0000-0200", last_modified:1678219124899, _cid:"main/quicksuggest"}, {type:"data", schema:1678218439855, attachment:{hash:"dcc42e1b436599d2e174ca902deda07d92e49ea80a17d9a43999074e123e54fa", size:409524, filename:"data-0200-0400.json", location:"main-workspace/quicksuggest/eca1fdcf-0145-4d6e-bd98-382000b66e11.json", mimetype:"application/octet-stream"}, id:"data-0200-0400", last_modified:1678219124903, _cid:"main/quicksuggest"}, {type:"data", schema:1678218441904, attachment:{hash:"4474f56b756d13f1bdf9a7bb46c46eaf94e5fa7fcb024f0c21a28785997b169f", size:381134, filename:"data-0400-0600.json", location:"main-workspace/quicksuggest/e4758450-3146-456e-a468-c11a7d184539.json", mimetype:"application/octet-stream"}, id:"data-0400-0600", last_modified:1678219124907, _cid:"main/quicksuggest"}, {type:"data", schema:1678218444030, attachment:{hash:"eef481550057f6543eaa20849d25640125eb621d360da039ef3f23ba0674b724", size:261665, filename:"data-0600-0800.json", location:"main-workspace/quicksuggest/1b16e995-6715-45ff-9959-520891ba953d.json", mimetype:"application/octet-stream"},console.error: "allRecords" [{type:"data", schema:1678092905099, attachment:{hash:"19c069b3b54967e595aa5fe139277fc1a9d775fb6e84aba122152490d4492a86", size:938309, filename:"data-0000-0200.json", location:"main-workspace/quicksuggest/4da76038-e10d-48b5-b043-c9af2b7b5a0b.json", mimetype:"application/octet-stream"}, id:"data-0000-0200", last_modified:1678219124899, _cid:"main/quicksuggest"}, {type:"data", schema:1678218439855, attachment:{hash:"dcc42e1b436599d2e174ca902deda07d92e49ea80a17d9a43999074e123e54fa", size:409524, filename:"data-0200-0400.json", location:"main-workspace/quicksuggest/eca1fdcf-0145-4d6e-bd98-382000b66e11.json", mimetype:"application/octet-stream"}, id:"data-0200-0400", last_modified:1678219124903, _cid:"main/quicksuggest"}, {type:"data", schema:1678218441904, attachment:{hash:"4474f56b756d13f1bdf9a7bb46c46eaf94e5fa7fcb024f0c21a28785997b169f", size:381134, filename:"data-0400-0600.json", location:"main-workspace/quicksuggest/e4758450-3146-456e-a468-c11a7d184539.json", mimetype:"application/octet-stream"}, id:"data-0400-0600", last_modified:1678219124907, _cid:"main/quicksuggest"}, {type:"data", schema:1678218444030, attachment:{hash:"eef481550057f6543eaa20849d25640125eb621d360da039ef3f23ba0674b724", size:261665, filename:"data-0600-0800.json", location:"main-workspace/quicksuggest/1b16e995-6715-45ff-9959-520891ba953d.json", mimetype:"application/octet-stream"}, id:"data-0600-0800", last_modified:1678219124911, _cid:"main/quicksuggest"}, {type:"data", schema:1678218446113, attachment:{hash:"8ffcecfb19f61d6657393a334c63e2c0f3c866269698cd78bfd1a8ace2ae4fd6", size:384179, filename:"data-0800-1000.json", location:"main-workspace/quicksuggest/189e0d1b-a47e-4e00-b741-c265a2dfc0ac.json", mimetype:"application/octet-stream"}, id:"data-0800-1000", last_modified:1678219124915, _cid:"main/quicksuggest"}, {type:"data", schema:1678218448163, attachment:{hash:"8aa42a6c2560ce4045c976d1961ae30c1bace3cc758612a97a7542086378b86f", size:395091, filename:"data-1000-1200.json", location:"main-workspace/quicksuggest/f982dc61-d3e0-4579-9781-f6e49f0240e5.json", mimetype:"application/octet-stream"}, id:"data-1000-1200", last_modified:1678219124919, _cid:"main/quicksuggest"}, {type:"data", schema:1678218450368, attachment:{hash:"8a27682624b659114441453ab3e401f3d9d372fb43bdbcdf1c6eba0cf7a2bb75", size:356274, filename:"data-1200-1400.json", location:"main-workspace/quicksuggest/d0085967-9020-4681-b22e-d72420c78a5b.json", mimetype:"application/octet-stream"}, id:"data-1200-1400", last_modified:1678219124931, _cid:"main/quicksuggest"}, {type:"data", schema:1678218452406, attachment:{hash:"13b34b4cdd057e9c423a7cc5398f6f3eee92195a0f142dd3078915ec0299968e", size:254896, filename:"data-1400-1600.json", location:"main-workspace/quicksuggest/39ecd790-1897-4c5a-a783-6666880dbdb8.json", mimetype:"application/octet-stream"}, id:"data-1400-1600", last_modified:1678219124927, _cid:"main/quicksuggest"}, {type:"data", schema:1678218454421, attachment:{hash:"05ba036d53786db8eeb3ef80d526f10c760e5e0481af99c0c016298b931bf311", size:459147, filename:"data-1600-1800.json", location:"main-workspace/quicksuggest/7ed4bc55-ff6f-4da3-aa59-0faabea14ab5.json", mimetype:"application/octet-stream"}, id:"data-1600-1800", last_modified:1678219124923, _cid:"main/quicksuggest"}, {type:"data", schema:1678219125215, attachment:{hash:"4910c69a51cd313e03a55b3705173f4797eb35e8619d5784b065660213c679c9", size:87201, filename:"data-wikipedia-0000-0200.json", location:"main-workspace/quicksuggest/8bb26a44-4eec-4245-aac2-d816aa033fe8.json", mimetype:"application/octet-stream"}, id:"data-wikipedia-0000-0200", last_modified:1678310089407, _cid:"main/quicksuggest"}, {type:"data", schema:1678309358624, attachment:{hash:"9fc024111de71a60a9a133d583cade60c35c38de106551ddc07d28730733be8d", size:86643, filename:"data-wikipedia-0200-0400.json", location:"main-workspace/quicksuggest/a0d05948-bda0-43a2-9290-aa0feaee3444.json", mimetype:"application/octet-stream"}, id:"data-wikipedia-0200-0400", last_modified:1678310089403, _cid:"main/quicksuggest"}, {type:"data", schema:1678309360136, attachment:{hash:"c1d51e380d1b810534f0eecd11cdb987e384cbcb9148e4aefe45908690877b08", size:84820, filename:"data-wikipedia-0400-0600.json", location:"main-workspace/quicksuggest/52d1882e-7f86-46cd-b1d4-9f99769fce37.json", mimetype:"application/octet-stream"}, id:"data-wikipedia-0400-0600", last_modified:1678310089399, _cid:"main/quicksuggest"}, {type:"data", schema:1678309361676, attachment:{hash:"94961e3b808090b77339800ced56426709a59102d2f4488e920623086a54baf2", size:89569, filename:"data-wikipedia-0600-0800.json", location:"main-workspace/quicksuggest/daa17f72-11d8-472f-a7e6-89331e0dfc1e.json", mimetype:"application/octet-stream"}, id:"data-wikipedia-0600-0800", last_modified:1678310089395, _cid:"main/quicksuggest"}, {type:"data", schema:1678309363271, attachment:{hash:"672f6c21b90748c94a902cf451ba6410ca92011ca43905ca3fe134487c6d2ee5", size:84914, filename:"data-wikipedia-0800-1000.json", location:"main-workspace/quicksuggest/c6c8dbc6-9c37-400a-b47c-e6c7e6193cc5.json", mimetype:"application/octet-stream"}, id:"data-wikipedia-0800-1000", last_modified:1678310089391, _cid:"main/quicksuggest"}, {type:"data", schema:1678309364842, attachment:{hash:"25032c30268208882aa08eff7a5adc95c827c39d2d5a194d408f6d2aabaa863d", size:94045, filename:"data-wikipedia-1000-1200.json", location:"main-workspace/quicksuggest/1b76aa72-09f6-4222-89ce-aee541f27fb1.json", mimetype:"application/octet-stream"}, id:"data-wikipedia-1000-1200", last_modified:1678310089387, _cid:"main/quicksuggest"}, {type:"data", schema:1678309366652, attachment:{hash:"b1210ab1334b72ddb8a6df7272ee55f9977309612b0872d66b93dd84e849f661", size:88146, filename:"data-wikipedia-1200-1400.json", location:"main-workspace/quicksuggest/07a84db0-2c5d-4a49-94f2-14abb0dc8a7d.json", mimetype:"application/octet-stream"}, id:"data-wikipedia-1200-1400", last_modified:1678310089383, _cid:"main/quicksuggest"}, {type:"data", schema:1678309368214, attachment:{hash:"82ec06571c459fab62768fb05c64109e93ed8d9ebc9309d9e517ec1a8d6e5a5f", size:91084, filename:"data-wikipedia-1400-1600.json", location:"main-workspace/quicksuggest/958c2972-6e23-49e4-91fc-74b789188e0c.json", mimetype:"application/octet-stream"}, id:"data-wikipedia-1400-1600", last_modified:1678310089379, _cid:"main/quicksuggest"}, {type:"data", schema:1678309369801, attachment:{hash:"757796f6f312e406a5ce4e908199bd8b0cb052130c62d869526ea01686f5ce0c", size:86819, filename:"data-wikipedia-1600-1800.json", location:"main-workspace/quicksuggest/6fcf43fb-b67e-4270-a050-d1fa1e372f08.json", mimetype:"application/octet-stream"}, id:"data-wikipedia-1600-1800", last_modified:1678310089375, _cid:"main/quicksuggest"}, {type:"data", schema:1678309371367, attachment:{hash:"be7764ef1b7a742b34290840a8e6068495c4cf067c67fc2d94487ea8951f4f8d", size:88274, filename:"data-wikipedia-1800-2000.json", location:"main-workspace/quicksuggest/bea9f1c7-0c9c-4127-bc5a-07f3a38a6ad0.json", mimetype:"application/octet-stream"}, id:"data-wikipedia-1800-2000", last_modified:1678310089371, _cid:"main/quicksuggest"}, {type:"data", schema:1678309372974, attachment:{hash:"689312b52aee33ce5abb50edc7b6d70a56ff7caf99867c6a1a6b275bfcff8598", size:88401, filename:"data-wikipedia-2000-2200.json", location:"main-workspace/quicksuggest/ff6f7e16-de46-457e-a7bc-f7b6e7929dbe.json", mimetype:"application/octet-stream"}, id:"data-wikipedia-2000-2200", last_modified:1678310089367, _cid:"main/quicksuggest"}, {type:"data", schema:1678309374502, attachment:{hash:"2b8c38d9eb9b7419a50aebd6b8278fd8f03632ee8d59d6ac9699c2406d33b911", size:88839, filename:"data-wikipedia-2200-2400.json", location:"main-workspace/quicksuggest/b1c33521-aa70-434b-bb02-455c277b4388.json", mimetype:"application/octet-stream"}, id:"data-wikipedia-2200-2400", last_modified:1678310089363, _cid:"main/quicksuggest"}, {type:"data", schema:1678309376017, attachment:{hash:"e4c50c7d7f058df88f60964af08371d8b17111fef779e8728062d46d034ea42a", size:95367, filename:"data-wikipedia-2400-2600.json", location:"main-workspace/quicksuggest/7f649890-74d5-4a30-99b9-b46cf724aa8a.json", mimetype:"application/octet-stream"}, id:"data-wikipedia-2400-2600", last_modified:1678310089359, _cid:"main/quicksuggest"}, {type:"data", schema:1678309377783, attachment:{hash:"77af0dc07f644307a94aea7e374f94ab1c78ce1f0bb2f4ee773df0ce80797d1b", size:93775, filename:"data-wikipedia-2600-2800.json", location:"main-workspace/quicksuggest/c99ce7eb-cb3f-4718-83cf-56181a897b57.json", mimetype:"application/octet-stream"}, id:"data-wikipedia-2600-2800", last_modified:1678310089355, _cid:"main/quicksuggest"}, {type:"data", schema:1678309379477, attachment:{hash:"5699ba26601f3137edf3dac09124e2bc79d874438c61b0e89ff7a7d40772fdfc", size:89296, filename:"data-wikipedia-2800-3000.json", location:"main-workspace/quicksuggest/0259a0c5-8543-4cbe-a047-020a22eca894.json", mimetype:"application/octet-stream"}, id:"data-wikipedia-2800-3000", last_modified:1678310089351, _cid:"main/quicksuggest"}, {type:"data", schema:1678309381127, attachment:{hash:"efe2c86b402d8c39093e435155752995d73ccac4201559dee95e45538eafa35d", size:86777, filename:"data-wikipedia-3000-3200.json", location:"main-workspace/quicksuggest/c66ea0c0-bafe-4766-b21e-30393e3949f7.json", mimetype:"application/octet-stream"}, id:"data-wikipedia-3000-3200", last_modified:1678310089347, _cid:"main/quicksuggest"}, {type:"data", schema:1678309382908, attachment:{hash:"be07faf8b7d0239d99b9c2ca13440bf4334b2daa7552dc4c62545a68aea73c3d", size:86355, filename:"data-wikipedia-3200-3400.json", location:"main-workspace/quicksuggest/dec34463-d5fb-4555-8f45-d81371394fc5.json", mimetype:"application/octet-stream"}, id:"data-wikipedia-3200-3400", last_modified:1678310089343, _cid:"main/quicksuggest"}, {type:"data", schema:1678309385124, attachment:{hash:"ce554eaefba13c714e17c4fb2e1e61797886b64d1cbf8c9df517d568384d6922", size:91209, filename:"data-wikipedia-3400-3600.json", location:"main-workspace/quicksuggest/ec0498ae-aa52-43e1-bc44-711e6ab39c41.json", mimetype:"application/octet-stream"}, id:"data-wikipedia-3400-3600", last_modified:1678310089339, _cid:"main/quicksuggest"}, {type:"data", schema:1678309386847, attachment:{hash:"8ff3665a102cd34919e2d47e5fc8782e67107370674a2ad4afa19f27d44b3d6a", size:92983, filename:"data-wikipedia-3600-3800.json", location:"main-workspace/quicksuggest/05850f66-776b-4fb8-8094-bab6040039ee.json", mimetype:"application/octet-stream"}, id:"data-wikipedia-3600-3800", last_modified:1678310089335, _cid:"main/quicksuggest"}, {type:"data", schema:1678309388552, attachment:{hash:"289ef411b0d622cdb5e3d0d77b254e30356f157a22e7fc804142ba651712fccf", size:87770, filename:"data-wikipedia-3800-4000.json", location:"main-workspace/quicksuggest/7f7bd096-bba2-48bc-966d-b339cb775bd2.json", mimetype:"application/octet-stream"}, id:"data-wikipedia-3800-4000", last_modified:1678310089331, _cid:"main/quicksuggest"}, {type:"data", schema:1678309390193, attachment:{hash:"319c975b6fcdac8abfa5bdebfc2506c7a5781a1df900d29c8354be55d82f70c5", size:88126, filename:"data-wikipedia-4000-4200.json", location:"main-workspace/quicksuggest/8b151374-671f-48ca-8b8c-a94c22e2bbb0.json", mimetype:"application/octet-stream"}, id:"data-wikipedia-4000-4200", last_modified:1678310089327, _cid:"main/quicksuggest"}, {type:"data", schema:1678309391839, attachment:{hash:"5fc4155efb2820ada0c4ea15f82853b78c59a4d9d37c0e8d99a6ab2d9865f656", size:88866, filename:"data-wikipedia-4200-4400.json", location:"main-workspace/quicksuggest/f65fce55-4454-4083-9184-4bcf4d699d1e.json", mimetype:"application/octet-stream"}, id:"data-wikipedia-4200-4400", last_modified:1678310089323, _cid:"main/quicksuggest"}, {type:"data", schema:1678309393407, attachment:{hash:"21f3a03e792299586afc955ff498177730b1d7b96251889317752128d15b7b66", size:89380, filename:"data-wikipedia-4400-4600.json", location:"main-workspace/quicksuggest/4e470835-5a44-4e0a-b904-fccf9abb5434.json", mimetype:"application/octet-stream"}, id:"data-wikipedia-4400-4600", last_modified:1678310089319, _cid:"main/quicksuggest"}, {type:"data", schema:1678309394918, attachment:{hash:"a0ec40e3ad917dd4819916c427c7c4f54ca0749fdc375c446c6dbe783b64db08", size:92901, filename:"data-wikipedia-4600-4800.json", location:"main-workspace/quicksuggest/707382e7-7c06-4615-9102-f1471bb4f201.json", mimetype:"application/octet-stream"}, id:"data-wikipedia-4600-4800", last_modified:1678310089315, _cid:"main/quicksuggest"}, {type:"data", schema:1678309396659, attachment:{hash:"062c4e3338eb34b4c994f6688219a1f5bc556428cf1effca62d38eae2351ad0f", size:91930, filename:"data-wikipedia-4800-5000.json", location:"main-workspace/quicksuggest/e3ba39b8-c9db-4aa7-bc6c-a4be935831b0.json", mimetype:"application/octet-stream"}, id:"data-wikipedia-4800-5000", last_modified:1678310089311, _cid:"main/quicksuggest"}, {type:"data", schema:1678309398861, attachment:{hash:"41b130e1cf7a8a1e0dc385bf262935ad7d4412ccd46eacfc2d384533f6db0a98", size:93132, filename:"data-wikipedia-5000-5200.json", location:"main-workspace/quicksuggest/5180d5b1-8fab-4ad1-84de-7e310dde3a89.json", mimetype:"application/octet-stream"}, id:"data-wikipedia-5000-5200", last_modified:1678310089307, _cid:"main/quicksuggest"}, {type:"data", schema:1678309400538, attachment:{hash:"5ecfd232d4e166353a9c1382366e6cc9b5a2b69346234252e987875a402811a9", size:87143, filename:"data-wikipedia-5200-5400.json", location:"main-workspace/quicksuggest/2ebe0b7c-401f-48ba-9f03-6fe82838e671.json", mimetype:"application/octet-stream"}, id:"data-wikipedia-5200-5400", last_modified:1678310089303, _cid:"main/quicksuggest"}, {type:"data", schema:1678309402440, attachment:{hash:"081d8d43c232ecdb35e7ae29fdbc9997ab9acaf251303b0f120a69bea20e519d", size:88097, filename:"data-wikipedia-5400-5600.json", location:"main-workspace/quicksuggest/30c1a501-3898-496e-b43e-39f100921da3.json", mimetype:"application/octet-stream"}, id:"data-wikipedia-5400-5600", last_modified:1678310089299, _cid:"main/quicksuggest"}, {type:"data", schema:1678309403939, attachment:{hash:"e09249d9870e327ef835f4226982da51691f4a11a10f0f78af70c58dd3fd387a", size:87653, filename:"data-wikipedia-5600-5800.json", location:"main-workspace/quicksuggest/1348b427-fa4f-40e9-b745-a9511ad5d2bc.json", mimetype:"application/octet-stream"}, id:"data-wikipedia-5600-5800", last_modified:1678310089295, _cid:"main/quicksuggest"}, {type:"data", schema:1678309405484, attachment:{hash:"d48a0a5138bdab5fd3ee8984af21ac5805e9d5e2f3007f030baf9f68a5fe0450", size:90195, filename:"data-wikipedia-5800-6000.json", location:"main-workspace/quicksuggest/cb530bfd-4216-44d4-a58f-db076d282ef1.json", mimetype:"application/octet-stream"}, id:"data-wikipedia-5800-6000", last_modified:1678310089291, _cid:"main/quicksuggest"}, {type:"data", schema:1678309406978, attachment:{hash:"e4cd1de8f04451e5d4c122a63783f0b980dc7f86cc5c50d936a4baa7ab788c91", size:93268, filename:"data-wikipedia-6000-6200.json", location:"main-workspace/quicksuggest/97fa261e-b611-422e-bdd3-70aacd1d11bf.json", mimetype:"application/octet-stream"}, id:"data-wikipedia-6000-6200", last_modified:1678310089287, _cid:"main/quicksuggest"}, {type:"data", schema:1678309408597, attachment:{hash:"78c4e3208377bef94e4ccab616bdba2c556b042ecbba2c78e644dbe2028503b2", size:90425, filename:"data-wikipedia-6200-6400.json", location:"main-workspace/quicksuggest/fc8a1852-38d0-4b3b-8fd2-e803af67cea8.json", mimetype:"application/octet-stream"}, id:"data-wikipedia-6200-6400", last_modified:1678310089283, _cid:"main/quicksuggest"}, {type:"data", schema:1678309410094, attachment:{hash:"69c2fba1374f9ce183e0f14f0a8053c736c6f513b1dc10d13878c2fc4527a3f2", size:89143, filename:"data-wikipedia-6400-6600.json", location:"main-workspace/quicksuggest/21b3f22b-cd18-4da5-ad3b-f7f1fc33e93e.json", mimetype:"application/octet-stream"}, id:"data-wikipedia-6400-6600", last_modified:1678310089279, _cid:"main/quicksuggest"}, {type:"data", schema:1678309411649, attachment:{hash:"4cbe7e0223c45bd156df68e968f99d00d08b40ef1fef4418de0a89c90b99c5b8", size:89214, filename:"data-wikipedia-6600-6800.json", location:"main-workspace/quicksuggest/04425f0c-9bc8-4889-98ee-e4a0c84e7332.json", mimetype:"application/octet-stream"}, id:"data-wikipedia-6600-6800", last_modified:1678310089275, _cid:"main/quicksuggest"}, {type:"data", schema:1678309413206, attachment:{hash:"998e2585461a5a61efce95b990e35696db5d5556b84b0170592bfdeb75e61520", size:93668, filename:"data-wikipedia-6800-7000.json", location:"main-workspace/quicksuggest/9918c83d-a293-489c-8db7-49842498c122.json", mimetype:"application/octet-stream"}, id:"data-wikipedia-6800-7000", last_modified:1678310089271, _cid:"main/quicksuggest"}, {type:"configuration", schema:1674837403828, configuration:{impression_caps:{sponsored:{custom:[{max_count:6, interval_s:777600}]}}}, id:"firefox-suggest-configuration", last_modified:1675440477746, _cid:"main/quicksuggest"}, {type:"icon", schema:1613431227118, attachment:{hash:"a2538526a9793a752a7903f14178a6f2071e05617e1b3493bb32fba0b45ddb0a", size:1883, filename:"icon-160380814674521.jpg", location:"main-workspace/quicksuggest/c531d3ca-db81-4c48-83c3-8e9b586df0e2.jpg", mimetype:"image/jpeg"}, content_type:"image/jpeg", id:"icon-160380814674521", last_modified:1615506294165, _cid:"main/quicksuggest"}, {type:"icon", schema:1678309414814, attachment:{hash:"6552866b8280bc8f9f6230013be66968224c421bc91ecfc814b9c7fa059ab1c6", size:8645, filename:"icon-161351842025116", location:"main-workspace/quicksuggest/f024f231-5b64-411b-a923-a5922ee45c3a", mimetype:"application/octet-stream"}, content_type:"image/png", id:"icon-161351842025116", last_modified:1678310089223, _cid:"main/quicksuggest"}, {type:"icon", schema:1622490405868, attachment:{hash:"4ac76152aa568990fcbf49ab50c518bdc5dacc4423894dbd8905e65edf8916e9", size:9061, filename:"icon-161351842026026", location:"main-workspace/quicksuggest/8e264f27-207e-4cfd-84c9-8ea2fce78243", mimetype:"application/octet-stream"}, content_type:"image/png", id:"icon-161351842026026", last_modified:1622490685988, _cid:"main/quicksuggest"}, {type:"icon", schema:1654282187493, attachment:{hash:"78eba5f35ae77298800f3a5860fed08d0f9656eb89b80d4c651f2b3e6a51d0bc", size:13554, filename:"icon-161351842026220", location:"main-workspace/quicksuggest/20f6c216-2267-4b1e-af58-22d224043fe9", mimetype:"application/octet-stream"}, content_type:"image/png", id:"icon-161351842026220", last_modified:1654290869864, _cid:"main/quicksuggest"}, {type:"icon", schema:1654282188804, attachment:{hash:"f3a2d8a144e71259ff8103bc2eaac44107b1623e97a7a725c2fd7a78f1aaf536", size:16120, filename:"icon-161351842073252", location:"main-workspace/quicksuggest/4390d749-61a9-4b7a-ac8f-88a2a8145c59", mimetype:"application/octet-stream"}, content_type:"image/png", id:"icon-161351842073252", last_modified:1654290869866, _cid:"main/quicksuggest"}, {type:"icon", schema:1654282190144, attachment:{hash:"1b0d649aa40aff788420cc232e8bc5b0bb5dffa9356e94c252e8fabe8f1997c3", size:8359, filename:"icon-161351842073588", location:"main-workspace/quicksuggest/5e1b56db-af05-453a-83ac-7c094f25918d", mimetype:"application/octet-stream"}, content_type:"image/png", id:"icon-161351842073588", last_modified:1654290869868, _cid:"main/quicksuggest"}, {type:"icon", schema:1654282191464, attachment:{hash:"9d463e9f7538722da0303a4924ce9517b1fb4ee77077ccb60420750755ac59c2", size:8987, filename:"icon-161351842074161", location:"main-workspace/quicksuggest/25043d3b-9aeb-4f57-a7da-874ab81697bd", mimetype:"application/octet-stream"}, content_type:"image/png", id:"icon-161351842074161", last_modified:1654290869871, _cid:"main/quicksuggest"}, {type:"icon", schema:1678309415992, attachment:{hash:"d87a033c09158fb32cd6065cc365d86c4926e19739e40c6c6ccc588212a47661", size:5376, filename:"icon-161351842074183", location:"main-workspace/quicksuggest/e5a32f6e-6988-42a9-a1f7-a3f97e2c2a79", mimetype:"application/octet-stream"}, content_type:"image/png", id:"icon-161351842074183", last_modified:1678310089227, _cid:"main/quicksuggest"}, {type:"icon", schema:1675984438007, attachment:{hash:"0346042039f4bf138d764354638f8c6c7c5a1b060d586f0ee644bb97e4749f99", size:15000, filename:"icon-161351842074245", location:"main-workspace/quicksuggest/b3d5eff9-44c9-4125-bc58-04f460415dd8", mimetype:"application/octet-stream"}, content_type:"image/png", id:"icon-161351842074245", last_modified:1675984983754, _cid:"main/quicksuggest"}, {type:"icon", schema:1654282195034, attachment:{hash:"82f6db7f64c6d1ee7376dc0e9d1000075b23259e13838dc05fd49ad3da8380c0", size:15693, filename:"icon-161351842074251", location:"main-workspace/quicksuggest/7b0c093e-1c31-409b-a323-78ca82e5f600", mimetype:"application/octet-stream"}, content_type:"image/png", id:"icon-161351842074251", last_modified:1654290869878, _cid:"main/quicksuggest"}, {type:"icon", schema:1678309417130, attachment:{hash:"61f3367d7474e51a8543ce6a24819744f5eea70ea52df865294377401dd8f9cb", size:7370, filename:"icon-161351842074301", location:"main-workspace/quicksuggest/15a83a83-eb5f-44a3-bc8f-59daf6caa6ca", mimetype:"application/octet-stream"}, content_type:"image/png", id:"icon-161351842074301", last_modified:1678310089219, _cid:"main/quicksuggest"}, {type:"icon", schema:1654282197401, attachment:{hash:"a05a10a0bed52fb16180d4325be79761dc4f5f4886b6cffcad7e706d1ed608da", size:2530, filename:"icon-161351842074513", location:"main-workspace/quicksuggest/437e6fa9-e584-4be9-8a1f-e4951809fd17", mimetype:"application/octet-stream"}, content_type:"image/png", id:"icon-161351842074513", last_modified:1654290869859, _cid:"main/quicksuggest"}, {type:"icon", schema:1678309418262, attachment:{hash:"447b79ed867ee92473eacece79be3815bb67f4d186988ae26f3c6e030015e755", size:2465, filename:"icon-161351842074521", location:"main-workspace/quicksuggest/1ecec174-3331-49dd-b612-279c95defa5a", mimetype:"application/octet-stream"}, content_type:"image/png", id:"icon-161351842074521", last_modified:1678310089215, _cid:"main/quicksuggest"}, {type:"icon", schema:1678309419447, attachment:{hash:"8ba746c13cb00f1f48efde937601be3a035e15795819df3de7308fcdfb387bb0", size:25060, filename:"icon-161351842074523", location:"main-workspace/quicksuggest/290f5aff-212b-44f9-8503-f4aa0445bfac", mimetype:"application/octet-stream"}, content_type:"image/png", id:"icon-161351842074523", last_modified:1678310089255, _cid:"main/quicksuggest"}, {type:"icon", schema:1654868092745, attachment:{hash:"e29fb4f53aed7c08b14443ded30ce3432b40752a31beda81bc93bd048f889495", size:2878, filename:"icon-161351842074695", location:"main-workspace/quicksuggest/05f7ba7a-f7cf-4288-a89f-8fad6970a3b8", mimetype:"application/octet-stream"}, content_type:"image/png", id:"icon-161351842074695", last_modified:1654873049802, _cid:"main/quicksuggest"}, {type:"icon", schema:1678309420823, attachment:{hash:"e1c64332342a3a4d5b714d12d9fc7d6383e7b5ef8b056e529eab31d2c3d1b2c0", size:7137, filename:"icon-715212280871211", location:"main-workspace/quicksuggest/9aaf8470-b1da-486a-a4ef-dd81aafd24df", mimetype:"application/octet-stream"}, content_type:"image/png", id:"icon-715212280871211", last_modified:1678310089251, _cid:"main/quicksuggest"}, {type:"icon", schema:1678309421971, attachment:{hash:"12d9e1c28cd484e9b9c4ca70aca7858d0a790cb2c9d48fef3e78c062ccb51082", size:9243, filename:"icon-71521228087137", location:"main-workspace/quicksuggest/3f634980-7d2d-486e-a173-83d102eee7d0", mimetype:"application/octet-stream"}, content_type:"image/png", id:"icon-71521228087137", last_modified:1678310089192, _cid:"main/quicksuggest"}, {type:"icon", schema:1678309423124, attachment:{hash:"9d8b3bc9ad2356987df2de238f5fcfd9daf48d57956a3016a602eecc73f43a39", size:7638, filename:"icon-715212280871451", location:"main-workspace/quicksuggest/e778748b-a7fb-4a53-9640-18ab36b394c6", mimetype:"application/octet-stream"}, content_type:"image/png", id:"icon-715212280871451", last_modified:1678310089247, _cid:"main/quicksuggest"}, {type:"icon", schema:1678309424368, attachment:{hash:"c213ede695aac882b06d259f7d3e4dc725ee5e16c0986cbc4145a9cf5a576501", size:5494, filename:"icon-715212280871453", location:"main-workspace/quicksuggest/792efbb4-998e-4235-869b-803c59974972", mimetype:"application/octet-stream"}, content_type:"image/png", id:"icon-715212280871453", last_modified:1678310089267, _cid:"main/quicksuggest"}, {type:"icon", schema:1678309425536, attachment:{hash:"35069020f4ddd3b1b720a89ce0a814ce9cc103b4fd82e5fca4893709bd1f08a7", size:9608, filename:"icon-715212280871455", location:"main-workspace/quicksuggest/1702fe19-6480-40e4-9c5c-a7a8971e966c", mimetype:"application/octet-stream"}, content_type:"image/png", id:"icon-715212280871455", last_modified:1678310089263, _cid:"main/quicksuggest"}, {type:"icon", schema:1678309427510, attachment:{hash:"fba5f6104bf40c561e687267cae8bbe9d77554cbca3a4d301ee652ac87579158", size:5174, filename:"icon-715212280871457", location:"main-workspace/quicksuggest/2be40582-d0b3-40d6-a299-6706e1536587", mimetype:"application/octet-stream"}, content_type:"image/png", id:"icon-715212280871457", last_modified:1678310089259, _cid:"main/quicksuggest"}, {type:"icon", schema:1675984449176, attachment:{hash:"f7ff948b3f788edb88bdc7e467ff759ce7092a1d05593c096fc07b584a3e48db", size:7030, filename:"icon-715212280871459", location:"main-workspace/quicksuggest/f62cf809-c547-4164-9475-6b5fae2f5f9a", mimetype:"application/octet-stream"}, content_type:"image/png", id:"icon-715212280871459", last_modified:1675984983907, _cid:"main/quicksuggest"}, {type:"icon", schema:1678309428766, attachment:{hash:"97212b636473aedacf8bb66d0bc7f6f21a798ad957c513d030989d82f75e2c88", size:3555, filename:"icon-715212280871461", location:"main-workspace/quicksuggest/34dc41c0-fe7a-4cf8-90f2-958da81d64b2", mimetype:"application/octet-stream"}, content_type:"image/png", id:"icon-715212280871461", last_modified:1678310089415, _cid:"main/quicksuggest"}, {type:"icon", schema:1678309430046, attachment:{hash:"97212b636473aedacf8bb66d0bc7f6f21a798ad957c513d030989d82f75e2c88", size:3555, filename:"icon-715212280871463", location:"main-workspace/quicksuggest/b852e052-4a07-48d9-b3bf-73eeb1212a18", mimetype:"application/octet-stream"}, content_type:"image/png", id:"icon-715212280871463", last_modified:1678310089411, _cid:"main/quicksuggest"}, {type:"icon", schema:1675984452389, attachment:{hash:"86c60f6eee289756fc44f25f679dea917701e016a3e47e9df024d1d3d46a4a6f", size:5197, filename:"icon-71521228087187", location:"main-workspace/quicksuggest/6014e5a0-599b-43c9-9f93-9c4d2b6c1443", mimetype:"application/octet-stream"}, content_type:"image/png", id:"icon-71521228087187", last_modified:1675984983727, _cid:"main/quicksuggest"}, {type:"icon", schema:1678309431261, attachment:{hash:"720d2a95ec819b19da5d7bab093b93c717537075f26606111d893700bfc69b9b", size:6425, filename:"icon-72521228087442", location:"main-workspace/quicksuggest/48291acf-79a0-4827-82c5-839e819196fe", mimetype:"application/octet-stream"}, content_type:"image/png", id:"icon-72521228087442", last_modified:1678310089196, _cid:"main/quicksuggest"}, {type:"icon", schema:1678309432494, attachment:{hash:"43bedc7c79fd13455c566a39e4ea074c546886dbbbf647cbe962113fdbd04428", size:8064, filename:"icon-72521228087460", location:"main-workspace/quicksuggest/060de57f-5b8e-4418-8728-904d6f0dfccc", mimetype:"application/octet-stream"}, content_type:"image/png", id:"icon-72521228087460", last_modified:1678310089243, _cid:"main/quicksuggest"}, {type:"icon", schema:1678309433743, attachment:{hash:"516edd167a327af61e194d0f7057a2ad1e5bf8df06793885813f92b6a833a5c0", size:9491, filename:"icon-72521228087474", location:"main-workspace/quicksuggest/dd699af9-248b-47ab-b924-73a009ee3655", mimetype:"application/octet-stream"}, content_type:"image/png", id:"icon-72521228087474", last_modified:1678310089239, _cid:"main/quicksuggest"}, {type:"icon", schema:1678309434963, attachment:{hash:"fbea729a718310d8824e7cae53b83155e663f7e50fbef2c9f06ba0b83aae5d6e", size:4334, filename:"icon-72521228087494", location:"main-workspace/quicksuggest/dc74c634-4508-4bcc-a4e0-fec1a0b07bbf", mimetype:"application/octet-stream"}, content_type:"image/png", id:"icon-72521228087494", last_modified:1678310089200, _cid:"main/quicksuggest"}, {type:"icon", schema:1678309436267, attachment:{hash:"d9634d5d755f1b18b784c564d1e83b00f44f0293bd33ccef7861143b123de4f3", size:20652, filename:"icon-72521228087528", location:"main-workspace/quicksuggest/2901fe1a-b895-4a8b-961f-b58ad1f673f4", mimetype:"application/octet-stream"}, content_type:"image/png", id:"icon-72521228087528", last_modified:1678310089235, _cid:"main/quicksuggest"}, {type:"icon", schema:1678309437634, attachment:{hash:"6686a3af1384a08a27ea6a6119da30e0769dd4049cf0ba48aef1ee25e1af42cc", size:8505, filename:"icon-72521228087542", location:"main-workspace/quicksuggest/8b6ec50b-8723-4581-a992-ab6409de73ec", mimetype:"application/octet-stream"}, content_type:"image/png", id:"icon-72521228087542", last_modified:1678310089231, _cid:"main/quicksuggest"}, {type:"icon", schema:1678309438820, attachment:{hash:"ff67eed5c352ef861ee913d86f66be0abc158e15e3cfa7ffb5e27cfb63299147", size:7009, filename:"icon-72521228087622", location:"main-workspace/quicksuggest/48a82daf-73dc-4536-9e20-e218aa38f582", mimetype:"application/octet-stream"}, content_type:"image/png", id:"icon-72521228087622", last_modified:1678310089203, _cid:"main/quicksuggest"}, {type:"icon", schema:1678309440035, attachment:{hash:"8ba746c13cb00f1f48efde937601be3a035e15795819df3de7308fcdfb387bb0", size:25060, filename:"icon-72521228087640", location:"main-workspace/quicksuggest/9f3e2899-d763-4852-b10f-12637ff533f0", mimetype:"application/octet-stream"}, content_type:"image/png", id:"icon-72521228087640", last_modified:1678310089207, _cid:"main/quicksuggest"}, {type:"icon", schema:1678309441367, attachment:{hash:"be0592b0ebc07925cad82429b83abb0a2ca51edce23a57a16df91ffc0fc023da", size:11896, filename:"icon-72521228087646", location:"main-workspace/quicksuggest/4b1c9fe7-a106-4dbf-a7a5-4e45fad097a8", mimetype:"application/octet-stream"}, content_type:"image/png", id:"icon-72521228087646", last_modified:1678310089211, _cid:"main/quicksuggest"}, {type:"suggestion schema", schema:1674165977567, 'suggestion schema':{type:"object", title:"Suggestion", $schema:"https://json-schema.org/draft/2020-12/schema", required:["id", "url", "impression_url", "click_url", "iab_category", "icon", "advertiser", "title", "keywJavaScript error: , line 0: NS_ERROR_NOT_AVAILABLE
er", description:"The identifier of the suggestion"}, url:{type:"string", description:"The landing URL of the suggestion"}, icon:{type:"string", description:"The name of the suggestion icon"}, title:{type:"string", description:"The title of the suggestion"}, keywords:{type:"array", items:{type:"string"}, minItems:1, description:"The search keywords for the suggestion", uniqueItems:true}, click_url:{type:"string", description:"The click reporting URL of the suggestion. This is for data reporting only, not be confused with `url`"}, advertiser:{type:"string", description:"The advertiser name of the suggestion"}, iab_category:{enum:["5 - Education", "22 - Shopping"], type:"string", description:"The IAB category identifier of the suggestion"}, full_keywords:{type:"array", items:{type:"array", items:{oneOf:[{type:"string", description:"The full keyword for a list of queries & partials"}, {type:"integer", description:"The total number of queries that share this full keyword"}]}}, minItems:1, description:"Running length encoding array for maps key words to full keywords", uniqueItems:false}, impression_url:{type:"string", description:"The impression reporting URL of the suggestion"}}, description:"The schema for QuickSuggest suggestion on Remote Settings"}, id:"suggestion-schema", last_modified:1674166327238, _cid:"main/quicksuggest"}]
JavaScript error: , line 0: NS_ERROR_NOT_AVAILABLE
ork request failed
console.error: RemoteSecuritySettings.jsm: 
  Failed to download attachment: TypeError: NetworkError: Network request failed
console.error: RemoteSecuritySettings.jsm: 
  Failed to download attachment: TypeError: NetworkError: Network request failed
console.error: RemoteSecuritySettings.jsm: 
  Failed to download attachment: TypeError: NetworkError: Network request failed
console.error: RemoteSecuritySettings.jsm: 
  Failed to download attachment: TypeError: NetworkError: Network request failed
console.error: RemoteSecuritySettings.jsm: 
  Failed to download attachment: TypeError: NetworkError: Network request failed
console.error: RemoteSecuritySettings.jsm: 
  Failed to download attachment: TypeError: NetworkError: Network request failed
console.error: RemoteSecuritySettings.jsm: 
  Failed to download attachment: TypeError: NetworkError: Network request failed
console.error: RemoteSecuritySettings.jsm: 
  Failed to download attachment: TypeError: NetworkError: Network request failed
console.error: RemoteSecuritySettings.jsm: 
  Failed to download attachment: TypeError: NetworkError: Network request failed
console.error: RemoteSecuritySettings.jsm: 
  Failed to download attachment: TypeError: NetworkError: Network request failed
console.error: RemoteSecuritySettings.jsm: 
  Failed to download attachment: TypeError: NetworkError: Network request failed
console.error: RemoteSecuritySettings.jsm: 
  Failed to download attachment: TypeError: NetworkError: Network request failed
console.error: RemoteSecuritySettings.jsm: 
  Failed to download attachment: TypeError: NetworkError: Network request failed
console.error: RemoteSecuritySettings.jsm: 
  Failed to download attachment: TypeError: NetworkError: Network request failed
console.error: RemoteSecuritySettings.jsm: 
  Failed to download attachment: TypeError: NetworkError: Network request failed
console.error: RemoteSecuritySettings.jsm: 
  Failed to download attachment: TypeError: NetworkError: Network request failed
console.error: RemoteSecuritySettings.jsm: 
  Failed to download attachment: TypeError: NetworkError: Network request failed
console.error: RemoteSecuritySettings.jsm: 
  Failed to download attachment: TypeError: NetworkError: Network request failed
console.error: RemoteSecuritySettings.jsm: 
  Failed to download attachment: TypeError: NetworkError: Network request failed
console.error: RemoteSecuritySettings.jsm: 
  Failed to download attachment: TypeError: NetworkError: Network request failed
console.error: RemoteSecuritySettings.jsm: 
  Failed to download attachment: TypeError: NetworkError: Network request failed
console.error: RemoteSecuritySettings.jsm: 
  Failed to download attachment: TypeError: NetworkError: Network request failed
console.error: RemoteSecuritySettings.jsm: 
  Failed to download attachment: TypeError: NetworkError: Network request failed
console.error: RemoteSecuritySettings.jsm: 
  Failed to download attachment: TypeError: NetworkError: Network request failed
console.error: RemoteSecuritySettings.jsm: 
  Failed to download attachment: TypeError: NetworkError: Network request failed
console.error: RemoteSecuritySettings.jsm: 
  Failed to download attachment: TypeError: NetworkError: Network request failed
console.error: RemoteSecuritySettings.jsm: 
  Failed to download attachment: TypeError: NetworkError: Network request failed
console.error: RemoteSecuritySettings.jsm: 
  Failed to download attachment: TypeError: NetworkError: Network request failed
console.error: RemoteSecuritySettings.jsm: 
  Failed to download attachment: TypeError: NetworkError: Network request failed
console.error: RemoteSecuritySettings.jsm: 
  Failed to download attachment: TypeError: NetworkError: Network request failed
console.error: RemoteSecuritySettings.jsm: 
  Failed to download attachment: TypeError: NetworkError: Network request failed
console.error: RemoteSecuritySettings.jsm: 
  Failed to download attachment: TypeError: NetworkError: Network request failed
console.error: RemoteSecuritySettings.jsm: 
  Failed to download attachment: TypeError: NetworkError: Network request failed
console.error: RemoteSecuritySettings.jsm: 
  Failed to download attachment: TypeError: NetworkError: Network request failed
console.error: RemoteSecuritySettings.jsm: 
  Failed to download attachment: TypeError: NetworkError: Network request failed
console.error: RemoteSecuritySettings.jsm: 
  Failed to download attachment: TypeError: NetworkError: Network request failed
console.error: RemoteSecuritySettings.jsm: 
  Failed to download attachment: TypeError: NetworkError: Network request failed
console.error: RemoteSecuritySettings.jsm: 
  Failed to download attachment: TypeError: NetworkError: Network request failed
console.error: RemoteSecuritySettings.jsm: 
  Failed to download attachment: TypeError: NetworkError: Network request failed
console.error: RemoteSecuritySettings.jsm: 
  Failed to download attachment: TypeError: NetworkError: Network request failed
console.error: RemoteSecuritySettings.jsm: 
  Failed to download attachment: TypeError: NetworkError: Network request failed
console.error: RemoteSecuritySettings.jsm: 
  Failed to download attachment: TypeError: NetworkError: Network request failed
console.error: RemoteSecuritySettings.jsm: 
  Failed to download attachment: TypeError: NetworkError: Network request failed
console.error: RemoteSecuritySettings.jsm: 
  Failed to download attachment: TypeError: NetworkError: Network request failed
console.error: RemoteSecuritySettings.jsm: 
  Failed to download attachment: TypeError: NetworkError: Network request failed
console.error: RemoteSecuritySettings.jsm: 
  Failed to download attachment: TypeError: NetworkError: Network request failed
console.error: RemoteSecuritySettings.jsm: 
  Failed to download attachment: TypeError: NetworkError: Network request failed
console.error: RemoteSecuritySettings.jsm: 
  Failed to download attachment: TypeError: NetworkError: Network request failed
console.error: RemoteSecuritySettings.jsm: 
  Failed to download attachment: TypeError: NetworkError: Network request failed
console.error: RemoteSecuritySettings.jsm: 
  Failed to download attachment: TypeError: NetworkError: Network request failed
console.error: RemoteSecuritySettings.jsm: 
  Failed to download attachment: TypeError: NetworkError: Network request failed
console.error: RemoteSecuritySettings.jsm: 
  Failed to download attachment: TypeError: NetworkError: Network request failed
console.error: RemoteSecuritySettings.jsm: 
  Failed to download attachment: TypeError: NetworkError: Network request failed
console.error: RemoteSecuritySettings.jsm: 
  Failed to download attachment: TypeError: NetworkError: Network request failed
console.error: RemoteSecuritySettings.jsm: 
  Failed to download attachment: TypeError: NetworkError: Network request failed
console.error: RemoteSecuritySettings.jsm: 
  Failed to download attachment: TypeError: NetworkError: Network request failed
console.error: RemoteSecuritySettings.jsm: 
  Failed to download attachment: TypeError: NetworkError: Network request failed
console.error: RemoteSecuritySettings.jsm: 
  Failed to download attachment: TypeError: NetworkError: Network request failed
console.error: RemoteSecuritySettings.jsm: 
  Failed to download attachment: TypeError: NetworkError: Network request failed
console.error: RemoteSecuritySettings.jsm: 
  Failed to download attachment: TypeError: NetworkError: Network request failed
console.error: RemoteSecuritySettings.jsm: 
  Failed to download attachment: TypeError: NetworkError: Network request failed
console.error: RemoteSecuritySettings.jsm: 
  Failed to download attachment: TypeError: NetworkError: Network request failed
console.error: RemoteSecuritySettings.jsm: 
  Failed to download attachment: TypeError: NetworkError: Network request failed
console.error: RemoteSecuritySettings.jsm: 
  Failed to download attachment: TypeError: NetworkError: Network request failed
console.error: RemoteSecuritySettings.jsm: 
  Failed to download attachment: TypeError: NetworkError: Network request failed
console.error: RemoteSecuritySettings.jsm: 
  Failed to download attachment: TypeError: NetworkError: Network request failed
console.error: RemoteSecuritySettings.jsm: 
  Failed to download attachment: TypeError: NetworkError: Network request failed
console.error: RemoteSecuritySettings.jsm: 
  Failed to download attachment: TypeError: NetworkError: Network request failed
console.error: RemoteSecuritySettings.jsm: 
  Failed to download attachment: TypeError: NetworkError: Network request failed
console.error: RemoteSecuritySettings.jsm: 
  Failed to download attachment: TypeError: NetworkError: Network request failed
console.error: RemoteSecuritySettings.jsm: 
  Failed to download attachment: TypeError: NetworkError: Network request failed
console.error: RemoteSecuritySettings.jsm: 
  Failed to download attachment: TypeError: NetworkError: Network request failed
console.error: RemoteSecuritySettings.jsm: 
  Failed to download attachment: TypeError: NetworkError: Network request failed
console.error: RemoteSecuritySettings.jsm: 
  Failed to download attachment: TypeError: NetworkError: Network request failed
console.error: RemoteSecuritySettings.jsm: 
  Failed to download attachment: TypeError: NetworkError: Network request failed
console.error: RemoteSecuritySettings.jsm: 
  Failed to download attachment: TypeError: NetworkError: Network request failed
console.error: RemoteSecuritySettings.jsm: 
  Failed to download attachment: TypeError: NetworkError: Network request failed
console.error: RemoteSecuritySettings.jsm: 
  Failed to download attachment: TypeError: NetworkError: Network request failed
console.error: RemoteSecuritySettings.jsm: 
  Failed to download attachment: TypeError: NetworkError: Network request failed
console.error: RemoteSecuritySettings.jsm: 
  Failed to download attachment: TypeError: NetworkError: Network request failed
console.error: RemoteSecuritySettings.jsm: 
  Failed to download attachment: TypeError: NetworkError: Network request failed
console.error: RemoteSecuritySettings.jsm: 
  Failed to download attachment: TypeError: NetworkError: Network request failed
console.error: RemoteSecuritySettings.jsm: 
  Failed to download attachment: TypeError: NetworkError: Network request failed
console.error: RemoteSecuritySettings.jsm: 
  Failed to download attachment: TypeError: NetworkError: Network request failed
console.error: RemoteSecuritySettings.jsm: 
  Failed to download attachment: TypeError: NetworkError: Network request failed
console.error: RemoteSecuritySettings.jsm: 
  Failed to download attachment: TypeError: NetworkError: Network request failed
console.error: RemoteSecuritySettings.jsm: 
  Failed to download attachment: TypeError: NetworkError: Network request failed
console.error: RemoteSecuritySettings.jsm: 
  Failed to download attachment: TypeError: NetworkError: Network request failed
console.error: RemoteSecuritySettings.jsm: 
  Failed to download attachment: TypeError: NetworkError: Network request failed
JavaScript error: , line 0: NS_ERROR_NOT_AVAILABLE
